<?xml version="1.0" encoding="UTF-8"?>
<testng-results ignored="0" total="1" passed="1" failed="0" skipped="0">
  <reporter-output>
  </reporter-output>
  <suite started-at="2025-07-15T12:57:47 IST" name="AutomationSuite" finished-at="2025-07-15T12:57:55 IST" duration-ms="8691">
    <groups>
    </groups>
    <test started-at="2025-07-15T12:57:47 IST" name="SeleniumTests" finished-at="2025-07-15T12:57:55 IST" duration-ms="8691">
      <class name="tests.ProductsTest">
        <test-method is-config="true" signature="setUp()[pri:0, instance:tests.ProductsTest@23f5b5dc]" started-at="2025-07-15T12:57:47 IST" name="setUp" finished-at="2025-07-15T12:57:49 IST" duration-ms="1924" status="PASS">
          <reporter-output>
          </reporter-output>
        </test-method> <!-- setUp -->
        <test-method signature="clickProductsTest()[pri:0, instance:tests.ProductsTest@23f5b5dc]" started-at="2025-07-15T12:57:49 IST" name="clickProductsTest" finished-at="2025-07-15T12:57:55 IST" duration-ms="6131" status="PASS">
          <reporter-output>
          </reporter-output>
        </test-method> <!-- clickProductsTest -->
        <test-method is-config="true" signature="tearDown()[pri:0, instance:tests.ProductsTest@23f5b5dc]" started-at="2025-07-15T12:57:55 IST" name="tearDown" finished-at="2025-07-15T12:57:55 IST" duration-ms="402" status="PASS">
          <reporter-output>
          </reporter-output>
        </test-method> <!-- tearDown -->
      </class> <!-- tests.ProductsTest -->
    </test> <!-- SeleniumTests -->
  </suite> <!-- AutomationSuite -->
</testng-results>
