<?xml version="1.0" encoding="UTF-8"?>
<testng-results ignored="0" total="1" passed="1" failed="0" skipped="0">
  <reporter-output>
  </reporter-output>
  <suite started-at="2025-07-25T22:55:33 IST" name="Default suite" finished-at="2025-07-25T22:56:02 IST" duration-ms="28799">
    <groups>
    </groups>
    <test started-at="2025-07-25T22:55:33 IST" name="Default test" finished-at="2025-07-25T22:56:02 IST" duration-ms="28799">
      <class name="tests.ProductsTest">
        <test-method is-config="true" signature="setUp()[pri:0, instance:tests.ProductsTest@34bde49d]" started-at="2025-07-25T22:55:33 IST" name="setUp" finished-at="2025-07-25T22:55:37 IST" duration-ms="4415" status="PASS">
          <reporter-output>
          </reporter-output>
        </test-method> <!-- setUp -->
        <test-method signature="clickProductsTest()[pri:0, instance:tests.ProductsTest@34bde49d]" started-at="2025-07-25T22:55:37 IST" name="clickProductsTest" finished-at="2025-07-25T22:56:01 IST" duration-ms="23794" status="PASS">
          <reporter-output>
          </reporter-output>
        </test-method> <!-- clickProductsTest -->
        <test-method is-config="true" signature="tearDown()[pri:0, instance:tests.ProductsTest@34bde49d]" started-at="2025-07-25T22:56:01 IST" name="tearDown" finished-at="2025-07-25T22:56:02 IST" duration-ms="468" status="PASS">
          <reporter-output>
          </reporter-output>
        </test-method> <!-- tearDown -->
      </class> <!-- tests.ProductsTest -->
    </test> <!-- Default test -->
  </suite> <!-- Default suite -->
</testng-results>
